<?xml version="1.0" encoding="UTF-8"?>
<testng-results skipped="0" failed="0" ignored="0" total="1" passed="1">
  <reporter-output>
    <line>
      <![CDATA[Dragged and Dropped the Block !!!]]>
    </line>
  </reporter-output>
  <suite name="Default suite" duration-ms="34851" started-at="2020-04-21T05:00:42Z" finished-at="2020-04-21T05:01:17Z">
    <groups>
    </groups>
    <test name="Default test" duration-ms="34851" started-at="2020-04-21T05:00:42Z" finished-at="2020-04-21T05:01:17Z">
      <class name="tests.TC004_DragAndDrop_DroppablePage_Timy">
        <test-method status="PASS" signature="setup(java.lang.String)[pri:0, instance:tests.TC004_DragAndDrop_DroppablePage_Timy@57baeedf]" name="setup" is-config="true" duration-ms="16181" started-at="2020-04-21T10:30:42Z" finished-at="2020-04-21T10:30:59Z">
          <params>
            <param index="0">
              <value>
                <![CDATA[firefox]]>
              </value>
            </param>
          </params>
          <reporter-output>
          </reporter-output>
        </test-method> <!-- setup -->
        <test-method status="PASS" signature="clickAndPrintItem()[pri:0, instance:tests.TC004_DragAndDrop_DroppablePage_Timy@57baeedf]" name="clickAndPrintItem" duration-ms="14581" started-at="2020-04-21T10:30:59Z" finished-at="2020-04-21T10:31:13Z">
          <reporter-output>
            <line>
              <![CDATA[Dragged and Dropped the Block !!!]]>
            </line>
          </reporter-output>
        </test-method> <!-- clickAndPrintItem -->
        <test-method status="PASS" signature="closeBrowser()[pri:0, instance:tests.TC004_DragAndDrop_DroppablePage_Timy@57baeedf]" name="closeBrowser" is-config="true" duration-ms="4068" started-at="2020-04-21T10:31:13Z" finished-at="2020-04-21T10:31:17Z">
          <reporter-output>
          </reporter-output>
        </test-method> <!-- closeBrowser -->
      </class> <!-- tests.TC004_DragAndDrop_DroppablePage_Timy -->
    </test> <!-- Default test -->
  </suite> <!-- Default suite -->
</testng-results>
